- Apply migrations
  [90mSkip migration: Bump mapping apiVersion from 0.0.1 to 0.0.2[39m
- Apply migrations
  [90mSkip migration: Bump mapping apiVersion from 0.0.2 to 0.0.3[39m
- Apply migrations
  [90mSkip migration: Bump mapping apiVersion from 0.0.3 to 0.0.4[39m
- Apply migrations
  [90mSkip migration: Bump mapping apiVersion from 0.0.4 to 0.0.5[39m
- Apply migrations
  [90mSkip migration: Bump mapping apiVersion from 0.0.5 to 0.0.6[39m
- Apply migrations
  [90mSkip migration: Bump manifest specVersion from 0.0.1 to 0.0.2[39m
- Apply migrations
  [90mSkip migration: Bump manifest specVersion from 0.0.2 to 0.0.4[39m
- Apply migrations
✔ Apply migrations
- Load subgraph from subgraph.yaml
✔ Load subgraph from subgraph.yaml
- Load contract ABIs
  [90mLoad contract ABI from abis/Handler.json[39m
- Load contract ABIs
  [90mLoad contract ABI from abis/DepositManager.json[39m
- Load contract ABIs
✔ Load contract ABIs
- Generate types for contract ABIs
  [90mGenerate types for contract ABI: Handler (abis/Handler.json)[39m
- Generate types for contract ABIs
  [90mWrite types to generated/Handler/Handler.ts[39m
- Generate types for contract ABIs
  [90mGenerate types for contract ABI: DepositManager (abis/DepositManager.json)[39m
- Generate types for contract ABIs
  [90mWrite types to generated/DepositManager/DepositManager.ts[39m
- Generate types for contract ABIs
✔ Generate types for contract ABIs
- Generate types for data source templates
✔ Generate types for data source templates
- Load data source template ABIs
✔ Load data source template ABIs
- Generate types for data source template ABIs
✔ Generate types for data source template ABIs
- Load GraphQL schema from schema.graphql
✔ Load GraphQL schema from schema.graphql
- Generate types for GraphQL schema
  [90mWrite types to generated/schema.ts[39m
- Generate types for GraphQL schema
✔ Generate types for GraphQL schema
[32m[39m
[32mTypes generated successfully[39m
[32m[39m
- Apply migrations
  [90mSkip migration: Bump mapping apiVersion from 0.0.1 to 0.0.2[39m
- Apply migrations
  [90mSkip migration: Bump mapping apiVersion from 0.0.2 to 0.0.3[39m
- Apply migrations
  [90mSkip migration: Bump mapping apiVersion from 0.0.3 to 0.0.4[39m
- Apply migrations
  [90mSkip migration: Bump mapping apiVersion from 0.0.4 to 0.0.5[39m
- Apply migrations
  [90mSkip migration: Bump mapping apiVersion from 0.0.5 to 0.0.6[39m
- Apply migrations
  [90mSkip migration: Bump manifest specVersion from 0.0.1 to 0.0.2[39m
- Apply migrations
  [90mSkip migration: Bump manifest specVersion from 0.0.2 to 0.0.4[39m
- Apply migrations
✔ Apply migrations
- Load subgraph from subgraph.yaml
✔ Load subgraph from subgraph.yaml
- Compile subgraph
  [90mCompile data source: Handler => build/Handler/Handler.wasm[39m
- Compile subgraph
  [90mCompile data source: DepositManager => build/DepositManager/DepositManager.wasm[39m
- Compile subgraph
✔ Compile subgraph
- Write compiled subgraph to build/
  [90mCopy schema file build/schema.graphql[39m
- Write compiled subgraph to build/
  [90mWrite subgraph file build/Handler/abis/Handler.json[39m
- Write compiled subgraph to build/
  [90mWrite subgraph file build/DepositManager/abis/DepositManager.json[39m
- Write compiled subgraph to build/
  [90mWrite subgraph manifest build/subgraph.yaml[39m
- Write compiled subgraph to build/
✔ Write compiled subgraph to build/

[32mBuild completed: /Users/sladuca/flax/monorepo/packages/subgraph/build/subgraph.yaml[39m

